[2025-10-21T04:23:47.161+0000] {processor.py:161} INFO - Started process (PID=82) to work on /opt/airflow/dags/airflow.py
[2025-10-21T04:23:47.164+0000] {processor.py:830} INFO - Processing file /opt/airflow/dags/airflow.py for tasks to queue
[2025-10-21T04:23:47.173+0000] {logging_mixin.py:188} INFO - [2025-10-21T04:23:47.173+0000] {dagbag.py:545} INFO - Filling up the DagBag from /opt/airflow/dags/airflow.py
[2025-10-21T04:23:54.637+0000] {processor.py:840} INFO - DAG(s) 'Airflow_Lab1' retrieved from /opt/airflow/dags/airflow.py
[2025-10-21T04:23:55.299+0000] {logging_mixin.py:188} INFO - [2025-10-21T04:23:55.291+0000] {dag.py:3096} INFO - Sync 1 DAGs
[2025-10-21T04:23:55.403+0000] {logging_mixin.py:188} INFO - [2025-10-21T04:23:55.401+0000] {dag.py:3954} INFO - Setting next_dagrun for Airflow_Lab1 to 2025-10-21 00:00:00+00:00, run_after=2025-10-22 00:00:00+00:00
[2025-10-21T04:23:55.472+0000] {processor.py:183} INFO - Processing /opt/airflow/dags/airflow.py took 8.320 seconds
[2025-10-21T04:24:26.306+0000] {processor.py:161} INFO - Started process (PID=97) to work on /opt/airflow/dags/airflow.py
[2025-10-21T04:24:26.314+0000] {processor.py:830} INFO - Processing file /opt/airflow/dags/airflow.py for tasks to queue
[2025-10-21T04:24:26.328+0000] {logging_mixin.py:188} INFO - [2025-10-21T04:24:26.325+0000] {dagbag.py:545} INFO - Filling up the DagBag from /opt/airflow/dags/airflow.py
[2025-10-21T04:24:28.354+0000] {processor.py:840} INFO - DAG(s) 'Airflow_Lab1' retrieved from /opt/airflow/dags/airflow.py
[2025-10-21T04:24:28.492+0000] {logging_mixin.py:188} INFO - [2025-10-21T04:24:28.491+0000] {dag.py:3096} INFO - Sync 1 DAGs
[2025-10-21T04:24:28.538+0000] {logging_mixin.py:188} INFO - [2025-10-21T04:24:28.538+0000] {dag.py:3954} INFO - Setting next_dagrun for Airflow_Lab1 to 2025-10-21 00:00:00+00:00, run_after=2025-10-22 00:00:00+00:00
[2025-10-21T04:24:28.559+0000] {processor.py:183} INFO - Processing /opt/airflow/dags/airflow.py took 2.276 seconds
[2025-10-21T04:24:58.691+0000] {processor.py:161} INFO - Started process (PID=112) to work on /opt/airflow/dags/airflow.py
[2025-10-21T04:24:58.693+0000] {processor.py:830} INFO - Processing file /opt/airflow/dags/airflow.py for tasks to queue
[2025-10-21T04:24:58.696+0000] {logging_mixin.py:188} INFO - [2025-10-21T04:24:58.696+0000] {dagbag.py:545} INFO - Filling up the DagBag from /opt/airflow/dags/airflow.py
[2025-10-21T04:24:59.547+0000] {processor.py:840} INFO - DAG(s) 'Airflow_Lab1' retrieved from /opt/airflow/dags/airflow.py
[2025-10-21T04:24:59.624+0000] {logging_mixin.py:188} INFO - [2025-10-21T04:24:59.624+0000] {dag.py:3096} INFO - Sync 1 DAGs
[2025-10-21T04:24:59.650+0000] {logging_mixin.py:188} INFO - [2025-10-21T04:24:59.649+0000] {dag.py:3954} INFO - Setting next_dagrun for Airflow_Lab1 to 2025-10-21 00:00:00+00:00, run_after=2025-10-22 00:00:00+00:00
[2025-10-21T04:24:59.664+0000] {processor.py:183} INFO - Processing /opt/airflow/dags/airflow.py took 0.984 seconds
[2025-10-21T04:25:30.263+0000] {processor.py:161} INFO - Started process (PID=127) to work on /opt/airflow/dags/airflow.py
[2025-10-21T04:25:30.265+0000] {processor.py:830} INFO - Processing file /opt/airflow/dags/airflow.py for tasks to queue
[2025-10-21T04:25:30.273+0000] {logging_mixin.py:188} INFO - [2025-10-21T04:25:30.272+0000] {dagbag.py:545} INFO - Filling up the DagBag from /opt/airflow/dags/airflow.py
[2025-10-21T04:25:33.406+0000] {processor.py:840} INFO - DAG(s) 'Airflow_Lab1' retrieved from /opt/airflow/dags/airflow.py
[2025-10-21T04:25:33.536+0000] {logging_mixin.py:188} INFO - [2025-10-21T04:25:33.536+0000] {dag.py:3096} INFO - Sync 1 DAGs
[2025-10-21T04:25:33.590+0000] {logging_mixin.py:188} INFO - [2025-10-21T04:25:33.589+0000] {dag.py:3954} INFO - Setting next_dagrun for Airflow_Lab1 to 2025-10-21 00:00:00+00:00, run_after=2025-10-22 00:00:00+00:00
[2025-10-21T04:25:33.635+0000] {processor.py:183} INFO - Processing /opt/airflow/dags/airflow.py took 3.402 seconds
[2025-10-21T04:26:04.427+0000] {processor.py:161} INFO - Started process (PID=142) to work on /opt/airflow/dags/airflow.py
[2025-10-21T04:26:04.430+0000] {processor.py:830} INFO - Processing file /opt/airflow/dags/airflow.py for tasks to queue
[2025-10-21T04:26:04.447+0000] {logging_mixin.py:188} INFO - [2025-10-21T04:26:04.446+0000] {dagbag.py:545} INFO - Filling up the DagBag from /opt/airflow/dags/airflow.py
[2025-10-21T04:26:06.122+0000] {processor.py:840} INFO - DAG(s) 'Airflow_Lab1' retrieved from /opt/airflow/dags/airflow.py
[2025-10-21T04:26:06.292+0000] {logging_mixin.py:188} INFO - [2025-10-21T04:26:06.292+0000] {dag.py:3096} INFO - Sync 1 DAGs
[2025-10-21T04:26:06.350+0000] {logging_mixin.py:188} INFO - [2025-10-21T04:26:06.350+0000] {dag.py:3954} INFO - Setting next_dagrun for Airflow_Lab1 to 2025-10-21 00:00:00+00:00, run_after=2025-10-22 00:00:00+00:00
[2025-10-21T04:26:06.373+0000] {processor.py:183} INFO - Processing /opt/airflow/dags/airflow.py took 1.969 seconds
[2025-10-21T04:26:37.114+0000] {processor.py:161} INFO - Started process (PID=163) to work on /opt/airflow/dags/airflow.py
[2025-10-21T04:26:37.124+0000] {processor.py:830} INFO - Processing file /opt/airflow/dags/airflow.py for tasks to queue
[2025-10-21T04:26:37.251+0000] {logging_mixin.py:188} INFO - [2025-10-21T04:26:37.243+0000] {dagbag.py:545} INFO - Filling up the DagBag from /opt/airflow/dags/airflow.py
[2025-10-21T04:26:40.439+0000] {processor.py:840} INFO - DAG(s) 'Airflow_Lab1' retrieved from /opt/airflow/dags/airflow.py
[2025-10-21T04:26:40.585+0000] {logging_mixin.py:188} INFO - [2025-10-21T04:26:40.584+0000] {dag.py:3096} INFO - Sync 1 DAGs
[2025-10-21T04:26:40.631+0000] {logging_mixin.py:188} INFO - [2025-10-21T04:26:40.631+0000] {dag.py:3954} INFO - Setting next_dagrun for Airflow_Lab1 to 2025-10-21 00:00:00+00:00, run_after=2025-10-22 00:00:00+00:00
[2025-10-21T04:26:40.658+0000] {processor.py:183} INFO - Processing /opt/airflow/dags/airflow.py took 3.576 seconds
[2025-10-21T04:27:11.678+0000] {processor.py:161} INFO - Started process (PID=178) to work on /opt/airflow/dags/airflow.py
[2025-10-21T04:27:11.680+0000] {processor.py:830} INFO - Processing file /opt/airflow/dags/airflow.py for tasks to queue
[2025-10-21T04:27:11.686+0000] {logging_mixin.py:188} INFO - [2025-10-21T04:27:11.686+0000] {dagbag.py:545} INFO - Filling up the DagBag from /opt/airflow/dags/airflow.py
[2025-10-21T04:27:14.828+0000] {processor.py:840} INFO - DAG(s) 'Airflow_Lab1' retrieved from /opt/airflow/dags/airflow.py
[2025-10-21T04:27:15.013+0000] {logging_mixin.py:188} INFO - [2025-10-21T04:27:15.012+0000] {dag.py:3096} INFO - Sync 1 DAGs
[2025-10-21T04:27:15.064+0000] {logging_mixin.py:188} INFO - [2025-10-21T04:27:15.064+0000] {dag.py:3954} INFO - Setting next_dagrun for Airflow_Lab1 to 2025-10-21 00:00:00+00:00, run_after=2025-10-22 00:00:00+00:00
[2025-10-21T04:27:15.085+0000] {processor.py:183} INFO - Processing /opt/airflow/dags/airflow.py took 3.440 seconds
[2025-10-21T04:28:15.393+0000] {processor.py:161} INFO - Started process (PID=71) to work on /opt/airflow/dags/airflow.py
[2025-10-21T04:28:15.395+0000] {processor.py:830} INFO - Processing file /opt/airflow/dags/airflow.py for tasks to queue
[2025-10-21T04:28:15.396+0000] {logging_mixin.py:188} INFO - [2025-10-21T04:28:15.396+0000] {dagbag.py:545} INFO - Filling up the DagBag from /opt/airflow/dags/airflow.py
[2025-10-21T04:28:29.463+0000] {processor.py:840} INFO - DAG(s) 'Airflow_Lab1' retrieved from /opt/airflow/dags/airflow.py
[2025-10-21T04:28:31.795+0000] {logging_mixin.py:188} INFO - [2025-10-21T04:28:31.752+0000] {dag.py:3096} INFO - Sync 1 DAGs
[2025-10-21T04:28:32.092+0000] {logging_mixin.py:188} INFO - [2025-10-21T04:28:32.086+0000] {dag.py:3954} INFO - Setting next_dagrun for Airflow_Lab1 to 2025-10-21 00:00:00+00:00, run_after=2025-10-22 00:00:00+00:00
[2025-10-21T04:28:32.229+0000] {processor.py:183} INFO - Processing /opt/airflow/dags/airflow.py took 16.889 seconds
[2025-10-21T04:29:03.135+0000] {processor.py:161} INFO - Started process (PID=92) to work on /opt/airflow/dags/airflow.py
[2025-10-21T04:29:03.143+0000] {processor.py:830} INFO - Processing file /opt/airflow/dags/airflow.py for tasks to queue
[2025-10-21T04:29:03.165+0000] {logging_mixin.py:188} INFO - [2025-10-21T04:29:03.162+0000] {dagbag.py:545} INFO - Filling up the DagBag from /opt/airflow/dags/airflow.py
[2025-10-21T04:29:07.154+0000] {processor.py:840} INFO - DAG(s) 'Airflow_Lab1' retrieved from /opt/airflow/dags/airflow.py
[2025-10-21T04:29:07.303+0000] {logging_mixin.py:188} INFO - [2025-10-21T04:29:07.303+0000] {dag.py:3096} INFO - Sync 1 DAGs
[2025-10-21T04:29:07.352+0000] {logging_mixin.py:188} INFO - [2025-10-21T04:29:07.352+0000] {dag.py:3954} INFO - Setting next_dagrun for Airflow_Lab1 to 2025-10-21 00:00:00+00:00, run_after=2025-10-22 00:00:00+00:00
[2025-10-21T04:29:07.380+0000] {processor.py:183} INFO - Processing /opt/airflow/dags/airflow.py took 4.307 seconds
[2025-10-21T04:29:37.800+0000] {processor.py:161} INFO - Started process (PID=107) to work on /opt/airflow/dags/airflow.py
[2025-10-21T04:29:37.802+0000] {processor.py:830} INFO - Processing file /opt/airflow/dags/airflow.py for tasks to queue
[2025-10-21T04:29:37.807+0000] {logging_mixin.py:188} INFO - [2025-10-21T04:29:37.807+0000] {dagbag.py:545} INFO - Filling up the DagBag from /opt/airflow/dags/airflow.py
[2025-10-21T04:29:39.351+0000] {processor.py:840} INFO - DAG(s) 'Airflow_Lab1' retrieved from /opt/airflow/dags/airflow.py
[2025-10-21T04:29:39.477+0000] {logging_mixin.py:188} INFO - [2025-10-21T04:29:39.475+0000] {dag.py:3096} INFO - Sync 1 DAGs
[2025-10-21T04:29:39.525+0000] {logging_mixin.py:188} INFO - [2025-10-21T04:29:39.525+0000] {dag.py:3954} INFO - Setting next_dagrun for Airflow_Lab1 to 2025-10-21 00:00:00+00:00, run_after=2025-10-22 00:00:00+00:00
[2025-10-21T04:29:39.549+0000] {processor.py:183} INFO - Processing /opt/airflow/dags/airflow.py took 1.766 seconds
[2025-10-21T04:30:09.847+0000] {processor.py:161} INFO - Started process (PID=122) to work on /opt/airflow/dags/airflow.py
[2025-10-21T04:30:09.851+0000] {processor.py:830} INFO - Processing file /opt/airflow/dags/airflow.py for tasks to queue
[2025-10-21T04:30:09.857+0000] {logging_mixin.py:188} INFO - [2025-10-21T04:30:09.857+0000] {dagbag.py:545} INFO - Filling up the DagBag from /opt/airflow/dags/airflow.py
[2025-10-21T04:30:11.456+0000] {processor.py:840} INFO - DAG(s) 'Airflow_Lab1' retrieved from /opt/airflow/dags/airflow.py
[2025-10-21T04:30:11.625+0000] {logging_mixin.py:188} INFO - [2025-10-21T04:30:11.625+0000] {dag.py:3096} INFO - Sync 1 DAGs
[2025-10-21T04:30:11.696+0000] {logging_mixin.py:188} INFO - [2025-10-21T04:30:11.696+0000] {dag.py:3954} INFO - Setting next_dagrun for Airflow_Lab1 to 2025-10-21 00:00:00+00:00, run_after=2025-10-22 00:00:00+00:00
[2025-10-21T04:30:11.722+0000] {processor.py:183} INFO - Processing /opt/airflow/dags/airflow.py took 1.881 seconds
[2025-10-21T04:30:42.320+0000] {processor.py:161} INFO - Started process (PID=137) to work on /opt/airflow/dags/airflow.py
[2025-10-21T04:30:42.323+0000] {processor.py:830} INFO - Processing file /opt/airflow/dags/airflow.py for tasks to queue
[2025-10-21T04:30:42.329+0000] {logging_mixin.py:188} INFO - [2025-10-21T04:30:42.327+0000] {dagbag.py:545} INFO - Filling up the DagBag from /opt/airflow/dags/airflow.py
[2025-10-21T04:30:43.321+0000] {processor.py:840} INFO - DAG(s) 'Airflow_Lab1' retrieved from /opt/airflow/dags/airflow.py
[2025-10-21T04:30:43.404+0000] {logging_mixin.py:188} INFO - [2025-10-21T04:30:43.403+0000] {dag.py:3096} INFO - Sync 1 DAGs
[2025-10-21T04:30:43.432+0000] {logging_mixin.py:188} INFO - [2025-10-21T04:30:43.432+0000] {dag.py:3954} INFO - Setting next_dagrun for Airflow_Lab1 to 2025-10-21 00:00:00+00:00, run_after=2025-10-22 00:00:00+00:00
[2025-10-21T04:30:43.452+0000] {processor.py:183} INFO - Processing /opt/airflow/dags/airflow.py took 1.146 seconds
[2025-10-21T04:31:13.716+0000] {processor.py:161} INFO - Started process (PID=152) to work on /opt/airflow/dags/airflow.py
[2025-10-21T04:31:13.718+0000] {processor.py:830} INFO - Processing file /opt/airflow/dags/airflow.py for tasks to queue
[2025-10-21T04:31:13.722+0000] {logging_mixin.py:188} INFO - [2025-10-21T04:31:13.721+0000] {dagbag.py:545} INFO - Filling up the DagBag from /opt/airflow/dags/airflow.py
[2025-10-21T04:31:14.578+0000] {processor.py:840} INFO - DAG(s) 'Airflow_Lab1' retrieved from /opt/airflow/dags/airflow.py
[2025-10-21T04:31:14.658+0000] {logging_mixin.py:188} INFO - [2025-10-21T04:31:14.658+0000] {dag.py:3096} INFO - Sync 1 DAGs
[2025-10-21T04:31:14.688+0000] {logging_mixin.py:188} INFO - [2025-10-21T04:31:14.688+0000] {dag.py:3954} INFO - Setting next_dagrun for Airflow_Lab1 to 2025-10-21 00:00:00+00:00, run_after=2025-10-22 00:00:00+00:00
[2025-10-21T04:31:14.705+0000] {processor.py:183} INFO - Processing /opt/airflow/dags/airflow.py took 0.999 seconds
[2025-10-21T04:31:45.361+0000] {processor.py:161} INFO - Started process (PID=167) to work on /opt/airflow/dags/airflow.py
[2025-10-21T04:31:45.364+0000] {processor.py:830} INFO - Processing file /opt/airflow/dags/airflow.py for tasks to queue
[2025-10-21T04:31:45.367+0000] {logging_mixin.py:188} INFO - [2025-10-21T04:31:45.367+0000] {dagbag.py:545} INFO - Filling up the DagBag from /opt/airflow/dags/airflow.py
[2025-10-21T04:31:46.575+0000] {processor.py:840} INFO - DAG(s) 'Airflow_Lab1' retrieved from /opt/airflow/dags/airflow.py
[2025-10-21T04:31:46.687+0000] {logging_mixin.py:188} INFO - [2025-10-21T04:31:46.687+0000] {dag.py:3096} INFO - Sync 1 DAGs
[2025-10-21T04:31:46.719+0000] {logging_mixin.py:188} INFO - [2025-10-21T04:31:46.719+0000] {dag.py:3954} INFO - Setting next_dagrun for Airflow_Lab1 to 2025-10-21 00:00:00+00:00, run_after=2025-10-22 00:00:00+00:00
[2025-10-21T04:31:46.736+0000] {processor.py:183} INFO - Processing /opt/airflow/dags/airflow.py took 1.402 seconds
[2025-10-21T04:32:17.389+0000] {processor.py:161} INFO - Started process (PID=183) to work on /opt/airflow/dags/airflow.py
[2025-10-21T04:32:17.436+0000] {processor.py:830} INFO - Processing file /opt/airflow/dags/airflow.py for tasks to queue
[2025-10-21T04:32:17.458+0000] {logging_mixin.py:188} INFO - [2025-10-21T04:32:17.456+0000] {dagbag.py:545} INFO - Filling up the DagBag from /opt/airflow/dags/airflow.py
[2025-10-21T04:32:19.085+0000] {processor.py:840} INFO - DAG(s) 'Airflow_Lab1' retrieved from /opt/airflow/dags/airflow.py
[2025-10-21T04:32:19.220+0000] {logging_mixin.py:188} INFO - [2025-10-21T04:32:19.220+0000] {dag.py:3096} INFO - Sync 1 DAGs
[2025-10-21T04:32:19.278+0000] {logging_mixin.py:188} INFO - [2025-10-21T04:32:19.278+0000] {dag.py:3954} INFO - Setting next_dagrun for Airflow_Lab1 to 2025-10-21 00:00:00+00:00, run_after=2025-10-22 00:00:00+00:00
[2025-10-21T04:32:19.303+0000] {processor.py:183} INFO - Processing /opt/airflow/dags/airflow.py took 1.968 seconds
[2025-10-21T04:32:49.825+0000] {processor.py:161} INFO - Started process (PID=204) to work on /opt/airflow/dags/airflow.py
[2025-10-21T04:32:49.827+0000] {processor.py:830} INFO - Processing file /opt/airflow/dags/airflow.py for tasks to queue
[2025-10-21T04:32:49.830+0000] {logging_mixin.py:188} INFO - [2025-10-21T04:32:49.830+0000] {dagbag.py:545} INFO - Filling up the DagBag from /opt/airflow/dags/airflow.py
[2025-10-21T04:32:50.782+0000] {processor.py:840} INFO - DAG(s) 'Airflow_Lab1' retrieved from /opt/airflow/dags/airflow.py
[2025-10-21T04:32:50.887+0000] {logging_mixin.py:188} INFO - [2025-10-21T04:32:50.886+0000] {dag.py:3096} INFO - Sync 1 DAGs
[2025-10-21T04:32:50.919+0000] {logging_mixin.py:188} INFO - [2025-10-21T04:32:50.919+0000] {dag.py:3954} INFO - Setting next_dagrun for Airflow_Lab1 to 2025-10-21 00:00:00+00:00, run_after=2025-10-22 00:00:00+00:00
[2025-10-21T04:32:50.940+0000] {processor.py:183} INFO - Processing /opt/airflow/dags/airflow.py took 1.124 seconds
[2025-10-21T04:33:21.401+0000] {processor.py:161} INFO - Started process (PID=219) to work on /opt/airflow/dags/airflow.py
[2025-10-21T04:33:21.402+0000] {processor.py:830} INFO - Processing file /opt/airflow/dags/airflow.py for tasks to queue
[2025-10-21T04:33:21.406+0000] {logging_mixin.py:188} INFO - [2025-10-21T04:33:21.405+0000] {dagbag.py:545} INFO - Filling up the DagBag from /opt/airflow/dags/airflow.py
[2025-10-21T04:33:22.335+0000] {processor.py:840} INFO - DAG(s) 'Airflow_Lab1' retrieved from /opt/airflow/dags/airflow.py
[2025-10-21T04:33:22.437+0000] {logging_mixin.py:188} INFO - [2025-10-21T04:33:22.436+0000] {dag.py:3096} INFO - Sync 1 DAGs
[2025-10-21T04:33:22.465+0000] {logging_mixin.py:188} INFO - [2025-10-21T04:33:22.465+0000] {dag.py:3954} INFO - Setting next_dagrun for Airflow_Lab1 to 2025-10-21 00:00:00+00:00, run_after=2025-10-22 00:00:00+00:00
[2025-10-21T04:33:22.481+0000] {processor.py:183} INFO - Processing /opt/airflow/dags/airflow.py took 1.090 seconds
[2025-10-21T04:34:14.333+0000] {processor.py:161} INFO - Started process (PID=71) to work on /opt/airflow/dags/airflow.py
[2025-10-21T04:34:14.335+0000] {processor.py:830} INFO - Processing file /opt/airflow/dags/airflow.py for tasks to queue
[2025-10-21T04:34:14.340+0000] {logging_mixin.py:188} INFO - [2025-10-21T04:34:14.339+0000] {dagbag.py:545} INFO - Filling up the DagBag from /opt/airflow/dags/airflow.py
[2025-10-21T04:34:19.211+0000] {processor.py:840} INFO - DAG(s) 'Airflow_Lab1' retrieved from /opt/airflow/dags/airflow.py
[2025-10-21T04:34:19.755+0000] {logging_mixin.py:188} INFO - [2025-10-21T04:34:19.749+0000] {dag.py:3096} INFO - Sync 1 DAGs
[2025-10-21T04:34:19.871+0000] {logging_mixin.py:188} INFO - [2025-10-21T04:34:19.870+0000] {dag.py:3954} INFO - Setting next_dagrun for Airflow_Lab1 to 2025-10-21 00:00:00+00:00, run_after=2025-10-22 00:00:00+00:00
[2025-10-21T04:34:19.932+0000] {processor.py:183} INFO - Processing /opt/airflow/dags/airflow.py took 5.606 seconds
[2025-10-21T04:34:50.379+0000] {processor.py:161} INFO - Started process (PID=92) to work on /opt/airflow/dags/airflow.py
[2025-10-21T04:34:50.380+0000] {processor.py:830} INFO - Processing file /opt/airflow/dags/airflow.py for tasks to queue
[2025-10-21T04:34:50.386+0000] {logging_mixin.py:188} INFO - [2025-10-21T04:34:50.385+0000] {dagbag.py:545} INFO - Filling up the DagBag from /opt/airflow/dags/airflow.py
[2025-10-21T04:34:51.468+0000] {processor.py:840} INFO - DAG(s) 'Airflow_Lab1' retrieved from /opt/airflow/dags/airflow.py
[2025-10-21T04:34:51.566+0000] {logging_mixin.py:188} INFO - [2025-10-21T04:34:51.565+0000] {dag.py:3096} INFO - Sync 1 DAGs
[2025-10-21T04:34:51.597+0000] {logging_mixin.py:188} INFO - [2025-10-21T04:34:51.597+0000] {dag.py:3954} INFO - Setting next_dagrun for Airflow_Lab1 to 2025-10-21 00:00:00+00:00, run_after=2025-10-22 00:00:00+00:00
[2025-10-21T04:34:51.621+0000] {processor.py:183} INFO - Processing /opt/airflow/dags/airflow.py took 1.252 seconds
[2025-10-21T04:35:22.070+0000] {processor.py:161} INFO - Started process (PID=107) to work on /opt/airflow/dags/airflow.py
[2025-10-21T04:35:22.077+0000] {processor.py:830} INFO - Processing file /opt/airflow/dags/airflow.py for tasks to queue
[2025-10-21T04:35:22.087+0000] {logging_mixin.py:188} INFO - [2025-10-21T04:35:22.086+0000] {dagbag.py:545} INFO - Filling up the DagBag from /opt/airflow/dags/airflow.py
[2025-10-21T04:35:23.108+0000] {processor.py:840} INFO - DAG(s) 'Airflow_Lab1' retrieved from /opt/airflow/dags/airflow.py
[2025-10-21T04:35:23.191+0000] {logging_mixin.py:188} INFO - [2025-10-21T04:35:23.191+0000] {dag.py:3096} INFO - Sync 1 DAGs
[2025-10-21T04:35:23.218+0000] {logging_mixin.py:188} INFO - [2025-10-21T04:35:23.218+0000] {dag.py:3954} INFO - Setting next_dagrun for Airflow_Lab1 to 2025-10-21 00:00:00+00:00, run_after=2025-10-22 00:00:00+00:00
[2025-10-21T04:35:23.234+0000] {processor.py:183} INFO - Processing /opt/airflow/dags/airflow.py took 1.187 seconds
[2025-10-21T04:35:53.900+0000] {processor.py:161} INFO - Started process (PID=122) to work on /opt/airflow/dags/airflow.py
[2025-10-21T04:35:53.902+0000] {processor.py:830} INFO - Processing file /opt/airflow/dags/airflow.py for tasks to queue
[2025-10-21T04:35:53.905+0000] {logging_mixin.py:188} INFO - [2025-10-21T04:35:53.904+0000] {dagbag.py:545} INFO - Filling up the DagBag from /opt/airflow/dags/airflow.py
[2025-10-21T04:35:54.910+0000] {processor.py:840} INFO - DAG(s) 'Airflow_Lab1' retrieved from /opt/airflow/dags/airflow.py
[2025-10-21T04:35:55.016+0000] {logging_mixin.py:188} INFO - [2025-10-21T04:35:55.015+0000] {dag.py:3096} INFO - Sync 1 DAGs
[2025-10-21T04:35:55.061+0000] {logging_mixin.py:188} INFO - [2025-10-21T04:35:55.061+0000] {dag.py:3954} INFO - Setting next_dagrun for Airflow_Lab1 to 2025-10-21 00:00:00+00:00, run_after=2025-10-22 00:00:00+00:00
[2025-10-21T04:35:55.079+0000] {processor.py:183} INFO - Processing /opt/airflow/dags/airflow.py took 1.187 seconds
[2025-10-21T04:36:25.340+0000] {processor.py:161} INFO - Started process (PID=137) to work on /opt/airflow/dags/airflow.py
[2025-10-21T04:36:25.341+0000] {processor.py:830} INFO - Processing file /opt/airflow/dags/airflow.py for tasks to queue
[2025-10-21T04:36:25.343+0000] {logging_mixin.py:188} INFO - [2025-10-21T04:36:25.343+0000] {dagbag.py:545} INFO - Filling up the DagBag from /opt/airflow/dags/airflow.py
[2025-10-21T04:36:27.781+0000] {processor.py:840} INFO - DAG(s) 'Airflow_Lab1' retrieved from /opt/airflow/dags/airflow.py
[2025-10-21T04:36:27.936+0000] {logging_mixin.py:188} INFO - [2025-10-21T04:36:27.935+0000] {dag.py:3096} INFO - Sync 1 DAGs
[2025-10-21T04:36:28.003+0000] {logging_mixin.py:188} INFO - [2025-10-21T04:36:28.003+0000] {dag.py:3954} INFO - Setting next_dagrun for Airflow_Lab1 to 2025-10-21 00:00:00+00:00, run_after=2025-10-22 00:00:00+00:00
[2025-10-21T04:36:28.030+0000] {processor.py:183} INFO - Processing /opt/airflow/dags/airflow.py took 2.694 seconds
[2025-10-21T04:36:59.130+0000] {processor.py:161} INFO - Started process (PID=160) to work on /opt/airflow/dags/airflow.py
[2025-10-21T04:36:59.133+0000] {processor.py:830} INFO - Processing file /opt/airflow/dags/airflow.py for tasks to queue
[2025-10-21T04:36:59.139+0000] {logging_mixin.py:188} INFO - [2025-10-21T04:36:59.138+0000] {dagbag.py:545} INFO - Filling up the DagBag from /opt/airflow/dags/airflow.py
[2025-10-21T04:37:01.044+0000] {processor.py:840} INFO - DAG(s) 'Airflow_Lab1' retrieved from /opt/airflow/dags/airflow.py
[2025-10-21T04:37:01.160+0000] {logging_mixin.py:188} INFO - [2025-10-21T04:37:01.159+0000] {dag.py:3096} INFO - Sync 1 DAGs
[2025-10-21T04:37:01.196+0000] {logging_mixin.py:188} INFO - [2025-10-21T04:37:01.196+0000] {dag.py:3954} INFO - Setting next_dagrun for Airflow_Lab1 to 2025-10-21 00:00:00+00:00, run_after=2025-10-22 00:00:00+00:00
[2025-10-21T04:37:01.234+0000] {processor.py:183} INFO - Processing /opt/airflow/dags/airflow.py took 2.114 seconds
[2025-10-21T04:37:31.596+0000] {processor.py:161} INFO - Started process (PID=175) to work on /opt/airflow/dags/airflow.py
[2025-10-21T04:37:31.598+0000] {processor.py:830} INFO - Processing file /opt/airflow/dags/airflow.py for tasks to queue
[2025-10-21T04:37:31.603+0000] {logging_mixin.py:188} INFO - [2025-10-21T04:37:31.603+0000] {dagbag.py:545} INFO - Filling up the DagBag from /opt/airflow/dags/airflow.py
[2025-10-21T04:37:32.707+0000] {processor.py:840} INFO - DAG(s) 'Airflow_Lab1' retrieved from /opt/airflow/dags/airflow.py
[2025-10-21T04:37:32.798+0000] {logging_mixin.py:188} INFO - [2025-10-21T04:37:32.797+0000] {dag.py:3096} INFO - Sync 1 DAGs
[2025-10-21T04:37:32.830+0000] {logging_mixin.py:188} INFO - [2025-10-21T04:37:32.830+0000] {dag.py:3954} INFO - Setting next_dagrun for Airflow_Lab1 to 2025-10-21 00:00:00+00:00, run_after=2025-10-22 00:00:00+00:00
[2025-10-21T04:37:32.847+0000] {processor.py:183} INFO - Processing /opt/airflow/dags/airflow.py took 1.264 seconds
[2025-10-21T04:38:02.992+0000] {processor.py:161} INFO - Started process (PID=190) to work on /opt/airflow/dags/airflow.py
[2025-10-21T04:38:02.994+0000] {processor.py:830} INFO - Processing file /opt/airflow/dags/airflow.py for tasks to queue
[2025-10-21T04:38:02.998+0000] {logging_mixin.py:188} INFO - [2025-10-21T04:38:02.997+0000] {dagbag.py:545} INFO - Filling up the DagBag from /opt/airflow/dags/airflow.py
[2025-10-21T04:38:04.243+0000] {processor.py:840} INFO - DAG(s) 'Airflow_Lab1' retrieved from /opt/airflow/dags/airflow.py
[2025-10-21T04:38:04.355+0000] {logging_mixin.py:188} INFO - [2025-10-21T04:38:04.354+0000] {dag.py:3096} INFO - Sync 1 DAGs
[2025-10-21T04:38:04.401+0000] {logging_mixin.py:188} INFO - [2025-10-21T04:38:04.400+0000] {dag.py:3954} INFO - Setting next_dagrun for Airflow_Lab1 to 2025-10-21 00:00:00+00:00, run_after=2025-10-22 00:00:00+00:00
[2025-10-21T04:38:04.426+0000] {processor.py:183} INFO - Processing /opt/airflow/dags/airflow.py took 1.450 seconds
[2025-10-21T04:38:34.726+0000] {processor.py:161} INFO - Started process (PID=205) to work on /opt/airflow/dags/airflow.py
[2025-10-21T04:38:34.728+0000] {processor.py:830} INFO - Processing file /opt/airflow/dags/airflow.py for tasks to queue
[2025-10-21T04:38:34.732+0000] {logging_mixin.py:188} INFO - [2025-10-21T04:38:34.732+0000] {dagbag.py:545} INFO - Filling up the DagBag from /opt/airflow/dags/airflow.py
[2025-10-21T04:38:35.602+0000] {processor.py:840} INFO - DAG(s) 'Airflow_Lab1' retrieved from /opt/airflow/dags/airflow.py
[2025-10-21T04:38:35.672+0000] {logging_mixin.py:188} INFO - [2025-10-21T04:38:35.672+0000] {dag.py:3096} INFO - Sync 1 DAGs
[2025-10-21T04:38:35.709+0000] {logging_mixin.py:188} INFO - [2025-10-21T04:38:35.709+0000] {dag.py:3954} INFO - Setting next_dagrun for Airflow_Lab1 to 2025-10-21 00:00:00+00:00, run_after=2025-10-22 00:00:00+00:00
[2025-10-21T04:38:35.728+0000] {processor.py:183} INFO - Processing /opt/airflow/dags/airflow.py took 1.014 seconds
